<?xml version="1.0" encoding="UTF-8"?>
<!-- Generated by org.testng.reporters.JUnitXMLReporter -->
<testsuite ignored="0" hostname="DESKTOP-ENMN2A8" failures="0" tests="6" name="FirefoxTests" time="2.147" errors="0" timestamp="14 Oct 2022 09:00:03 GMT">
  <testcase classname="com.infy.selenium.crossbrowsertesting.CrossBrowserFrameworkWithBeforeAfterTest" name="@BeforeTest beforeTest" time="2.1">
    <failure type="org.openqa.selenium.WebDriverException" message="Cannot find firefox binary in PATH. Make sure firefox is installed. OS appears to be: XP
Build info: version: &amp;apos;3.13.0&amp;apos;, revision: &amp;apos;2f0d292&amp;apos;, time: &amp;apos;2018-06-25T15:24:21.231Z&amp;apos;
System info: host: &amp;apos;DESKTOP-ENMN2A8&amp;apos;, ip: &amp;apos;192.168.1.4&amp;apos;, os.name: &amp;apos;Windows 11&amp;apos;, os.arch: &amp;apos;amd64&amp;apos;, os.version: &amp;apos;10.0&amp;apos;, java.version: &amp;apos;18.0.2&amp;apos;
Driver info: driver.version: FirefoxDriver">
      <![CDATA[org.openqa.selenium.WebDriverException: Cannot find firefox binary in PATH. Make sure firefox is installed. OS appears to be: XP
Build info: version: '3.13.0', revision: '2f0d292', time: '2018-06-25T15:24:21.231Z'
System info: host: 'DESKTOP-ENMN2A8', ip: '192.168.1.4', os.name: 'Windows 11', os.arch: 'amd64', os.version: '10.0', java.version: '18.0.2'
Driver info: driver.version: FirefoxDriver
at org.openqa.selenium.firefox.FirefoxBinary.<init>(FirefoxBinary.java:116)
at java.base/java.util.Optional.orElseGet(Optional.java:364)
at org.openqa.selenium.firefox.FirefoxOptions.getBinary(FirefoxOptions.java:217)
at org.openqa.selenium.firefox.FirefoxDriver.toExecutor(FirefoxDriver.java:165)
at org.openqa.selenium.firefox.FirefoxDriver.<init>(FirefoxDriver.java:125)
at org.openqa.selenium.firefox.FirefoxDriver.<init>(FirefoxDriver.java:103)
at com.infy.selenium.crossbrowsertesting.CrossBrowserFrameworkWithBeforeAfterTest.beforeTest(CrossBrowserFrameworkWithBeforeAfterTest.java:26)
... Removed 22 stack frames]]>
    </failure>
  </testcase> <!-- @BeforeTest beforeTest -->
  <testcase classname="com.infy.selenium.crossbrowsertesting.CrossBrowserFrameworkWithBeforeAfterTest" name="@AfterTest afterTest" time="0.0">
    <skipped/>
  </testcase> <!-- @AfterTest afterTest -->
  <testcase classname="com.infy.selenium.crossbrowsertesting.CrossBrowserBasicsTest" name="chromeBrowser" time="0.0">
    <skipped/>
  </testcase> <!-- chromeBrowser -->
  <testcase classname="com.infy.selenium.crossbrowsertesting.CrossBrowserBasicsTest" name="edgeBrowser" time="0.0">
    <skipped/>
  </testcase> <!-- edgeBrowser -->
  <testcase classname="com.infy.selenium.crossbrowsertesting.CrossBrowserFrameworkTest" name="chromeBrowser" time="0.0">
    <skipped/>
  </testcase> <!-- chromeBrowser -->
  <testcase classname="com.infy.selenium.crossbrowsertesting.CrossBrowserFrameworkWithBeforeAfterTest" name="launchPage" time="0.0">
    <skipped/>
  </testcase> <!-- launchPage -->
  <testcase classname="com.infy.selenium.crossbrowsertesting.HeadlessBrowserBasicsTest" name="chromeBrowser" time="0.0">
    <skipped/>
  </testcase> <!-- chromeBrowser -->
  <testcase classname="com.infy.selenium.crossbrowsertesting.HeadlessBrowserBasicsTest" name="chromeBrowserHeadless" time="0.0">
    <skipped/>
  </testcase> <!-- chromeBrowserHeadless -->
</testsuite> <!-- FirefoxTests -->
